# JRE version: OpenJDK Runtime Environment (21.0.8) (build 21.0.8+-14018985-b1038.68)
# Java VM: OpenJDK 64-Bit Server VM (21.0.8+-14018985-b1038.68, mixed mode, tiered, compressed oops, compressed class ptrs, g1 gc, windows-amd64)
GC Precious Log:
 CardTable entry size: 512
 Card Set container configuration: InlinePtr #cards 5 size 8 Array Of Cards #cards 12 size 40 Howl #buckets 4 coarsen threshold 1843 Howl Bitmap #cards 512 size 80 coarsen threshold 460 Card regions per heap region 1 cards per card region 2048
 CPUs: 8 total, 8 available
 Memory: 16167M
 Large Page Support: Disabled
 NUMA Support: Disabled
 Compressed Oops: Enabled (32-bit)
 Heap Region Size: 1M
 Heap Min Capacity: 8M
 Heap Initial Capacity: 254M
 Heap Max Capacity: 2G
 Pre-touch: Disabled
 Parallel Workers: 8
 Concurrent Workers: 2
 Concurrent Refinement Workers: 8
 Periodic GC: Disabled
Heap:
 garbage-first heap   total 301056K, used 266453K [0x0000000080000000, 0x0000000100000000)
  region size 1024K, 68 young (69632K), 5 survivors (5120K)
 Metaspace       used 159170K, committed 161600K, reserved 1245184K
  class space    used 21170K, committed 22336K, reserved 1048576K
GC Heap History (20 events):
Event: 10.285 GC heap before
{Heap before GC invocations=35 (full 0):
 garbage-first heap   total 232448K, used 201977K [0x0000000080000000, 0x0000000100000000)
  region size 1024K, 65 young (66560K), 2 survivors (2048K)
 Metaspace       used 93916K, committed 95744K, reserved 1179648K
  class space    used 13426K, committed 14336K, reserved 1048576K
}
Event: 10.293 GC heap after
{Heap after GC invocations=36 (full 0):
 garbage-first heap   total 232448K, used 143357K [0x0000000080000000, 0x0000000100000000)
  region size 1024K, 9 young (9216K), 9 survivors (9216K)
 Metaspace       used 93916K, committed 95744K, reserved 1179648K
  class space    used 13426K, committed 14336K, reserved 1048576K
}
Event: 11.128 GC heap before
{Heap before GC invocations=36 (full 0):
 garbage-first heap   total 232448K, used 215037K [0x0000000080000000, 0x0000000100000000)
  region size 1024K, 64 young (65536K), 9 survivors (9216K)
 Metaspace       used 99418K, committed 101312K, reserved 1179648K
  class space    used 14011K, committed 14912K, reserved 1048576K
}
Event: 11.134 GC heap after
{Heap after GC invocations=37 (full 0):
 garbage-first heap   total 234496K, used 164250K [0x0000000080000000, 0x0000000100000000)
  region size 1024K, 7 young (7168K), 7 survivors (7168K)
 Metaspace       used 99418K, committed 101312K, reserved 1179648K
  class space    used 14011K, committed 14912K, reserved 1048576K
}
Event: 12.343 GC heap before
{Heap before GC invocations=37 (full 0):
 garbage-first heap   total 234496K, used 209306K [0x0000000080000000, 0x0000000100000000)
  region size 1024K, 51 young (52224K), 7 survivors (7168K)
 Metaspace       used 105150K, committed 107328K, reserved 1179648K
  class space    used 14662K, committed 15744K, reserved 1048576K
}
Event: 12.347 GC heap after
{Heap after GC invocations=38 (full 0):
 garbage-first heap   total 234496K, used 166473K [0x0000000080000000, 0x0000000100000000)
  region size 1024K, 3 young (3072K), 3 survivors (3072K)
 Metaspace       used 105150K, committed 107328K, reserved 1179648K
  class space    used 14662K, committed 15744K, reserved 1048576K
}
Event: 12.916 GC heap before
{Heap before GC invocations=39 (full 0):
 garbage-first heap   total 278528K, used 212553K [0x0000000080000000, 0x0000000100000000)
  region size 1024K, 48 young (49152K), 3 survivors (3072K)
 Metaspace       used 111156K, committed 113344K, reserved 1179648K
  class space    used 15425K, committed 16448K, reserved 1048576K
}
Event: 12.921 GC heap after
{Heap after GC invocations=40 (full 0):
 garbage-first heap   total 278528K, used 168770K [0x0000000080000000, 0x0000000100000000)
  region size 1024K, 5 young (5120K), 5 survivors (5120K)
 Metaspace       used 111156K, committed 113344K, reserved 1179648K
  class space    used 15425K, committed 16448K, reserved 1048576K
}
Event: 13.903 GC heap before
{Heap before GC invocations=40 (full 0):
 garbage-first heap   total 278528K, used 247618K [0x0000000080000000, 0x0000000100000000)
  region size 1024K, 81 young (82944K), 5 survivors (5120K)
 Metaspace       used 115854K, committed 118080K, reserved 1179648K
  class space    used 16027K, committed 17088K, reserved 1048576K
}
Event: 13.908 GC heap after
{Heap after GC invocations=41 (full 0):
 garbage-first heap   total 278528K, used 172758K [0x0000000080000000, 0x0000000100000000)
  region size 1024K, 10 young (10240K), 10 survivors (10240K)
 Metaspace       used 115854K, committed 118080K, reserved 1179648K
  class space    used 16027K, committed 17088K, reserved 1048576K
}
Event: 15.690 GC heap before
{Heap before GC invocations=41 (full 0):
 garbage-first heap   total 278528K, used 251606K [0x0000000080000000, 0x0000000100000000)
  region size 1024K, 87 young (89088K), 10 survivors (10240K)
 Metaspace       used 125830K, committed 128064K, reserved 1179648K
  class space    used 17196K, committed 18240K, reserved 1048576K
}
Event: 15.700 GC heap after
{Heap after GC invocations=42 (full 0):
 garbage-first heap   total 278528K, used 176013K [0x0000000080000000, 0x0000000100000000)
  region size 1024K, 11 young (11264K), 11 survivors (11264K)
 Metaspace       used 125830K, committed 128064K, reserved 1179648K
  class space    used 17196K, committed 18240K, reserved 1048576K
}
Event: 17.461 GC heap before
{Heap before GC invocations=42 (full 0):
 garbage-first heap   total 278528K, used 242573K [0x0000000080000000, 0x0000000100000000)
  region size 1024K, 77 young (78848K), 11 survivors (11264K)
 Metaspace       used 136309K, committed 138624K, reserved 1179648K
  class space    used 18166K, committed 19328K, reserved 1048576K
}
Event: 17.467 GC heap after
{Heap after GC invocations=43 (full 0):
 garbage-first heap   total 278528K, used 177742K [0x0000000080000000, 0x0000000100000000)
  region size 1024K, 7 young (7168K), 7 survivors (7168K)
 Metaspace       used 136309K, committed 138624K, reserved 1179648K
  class space    used 18166K, committed 19328K, reserved 1048576K
}
Event: 18.923 GC heap before
{Heap before GC invocations=44 (full 0):
 garbage-first heap   total 301056K, used 259662K [0x0000000080000000, 0x0000000100000000)
  region size 1024K, 82 young (83968K), 7 survivors (7168K)
 Metaspace       used 142673K, committed 145024K, reserved 1179648K
  class space    used 18891K, committed 20032K, reserved 1048576K
}
Event: 18.927 GC heap after
{Heap after GC invocations=45 (full 0):
 garbage-first heap   total 301056K, used 189732K [0x0000000080000000, 0x0000000100000000)
  region size 1024K, 9 young (9216K), 9 survivors (9216K)
 Metaspace       used 142673K, committed 145024K, reserved 1179648K
  class space    used 18891K, committed 20032K, reserved 1048576K
}
Event: 20.519 GC heap before
{Heap before GC invocations=45 (full 0):
 garbage-first heap   total 301056K, used 279844K [0x0000000080000000, 0x0000000100000000)
  region size 1024K, 92 young (94208K), 9 survivors (9216K)
 Metaspace       used 150052K, committed 152448K, reserved 1245184K
  class space    used 19902K, committed 21056K, reserved 1048576K
}
Event: 20.525 GC heap after
{Heap after GC invocations=46 (full 0):
 garbage-first heap   total 301056K, used 196579K [0x0000000080000000, 0x0000000100000000)
  region size 1024K, 12 young (12288K), 12 survivors (12288K)
 Metaspace       used 150052K, committed 152448K, reserved 1245184K
  class space    used 19902K, committed 21056K, reserved 1048576K
}
Event: 25.890 GC heap before
{Heap before GC invocations=46 (full 0):
 garbage-first heap   total 301056K, used 275427K [0x0000000080000000, 0x0000000100000000)
  region size 1024K, 86 young (88064K), 12 survivors (12288K)
 Metaspace       used 156763K, committed 159104K, reserved 1245184K
  class space    used 20801K, committed 21952K, reserved 1048576K
}
Event: 25.897 GC heap after
{Heap after GC invocations=47 (full 0):
 garbage-first heap   total 301056K, used 202965K [0x0000000080000000, 0x0000000100000000)
  region size 1024K, 5 young (5120K), 5 survivors (5120K)
 Metaspace       used 156763K, committed 159104K, reserved 1245184K
  class space    used 20801K, committed 21952K, reserved 1048576K
}

