# JRE version: OpenJDK Runtime Environment (21.0.8) (build 21.0.8+-14018985-b1038.68)
# Java VM: OpenJDK 64-Bit Server VM (21.0.8+-14018985-b1038.68, mixed mode, tiered, compressed oops, compressed class ptrs, g1 gc, windows-amd64)
GC Precious Log:
 CardTable entry size: 512
 Card Set container configuration: InlinePtr #cards 5 size 8 Array Of Cards #cards 12 size 40 Howl #buckets 4 coarsen threshold 1843 Howl Bitmap #cards 512 size 80 coarsen threshold 460 Card regions per heap region 1 cards per card region 2048
 CPUs: 8 total, 8 available
 Memory: 16167M
 Large Page Support: Disabled
 NUMA Support: Disabled
 Compressed Oops: Enabled (32-bit)
 Heap Region Size: 1M
 Heap Min Capacity: 8M
 Heap Initial Capacity: 254M
 Heap Max Capacity: 1536M
 Pre-touch: Disabled
 Parallel Workers: 8
 Concurrent Workers: 2
 Concurrent Refinement Workers: 8
 Periodic GC: Disabled
Heap:
 garbage-first heap   total 286720K, used 249954K [0x00000000a0000000, 0x0000000100000000)
  region size 1024K, 87 young (89088K), 8 survivors (8192K)
 Metaspace       used 127213K, committed 129536K, reserved 1179648K
  class space    used 17627K, committed 18752K, reserved 1048576K
GC Heap History (20 events):
Event: 8.210 GC heap before
{Heap before GC invocations=32 (full 0):
 garbage-first heap   total 234496K, used 197764K [0x00000000a0000000, 0x0000000100000000)
  region size 1024K, 60 young (61440K), 4 survivors (4096K)
 Metaspace       used 94257K, committed 96256K, reserved 1179648K
  class space    used 13032K, committed 14016K, reserved 1048576K
}
Event: 8.214 GC heap after
{Heap after GC invocations=33 (full 0):
 garbage-first heap   total 234496K, used 142585K [0x00000000a0000000, 0x0000000100000000)
  region size 1024K, 7 young (7168K), 7 survivors (7168K)
 Metaspace       used 94257K, committed 96256K, reserved 1179648K
  class space    used 13032K, committed 14016K, reserved 1048576K
}
Event: 8.619 GC heap before
{Heap before GC invocations=33 (full 0):
 garbage-first heap   total 234496K, used 200953K [0x00000000a0000000, 0x0000000100000000)
  region size 1024K, 64 young (65536K), 7 survivors (7168K)
 Metaspace       used 98391K, committed 100416K, reserved 1179648K
  class space    used 13636K, committed 14656K, reserved 1048576K
}
Event: 8.625 GC heap after
{Heap after GC invocations=34 (full 0):
 garbage-first heap   total 234496K, used 145083K [0x00000000a0000000, 0x0000000100000000)
  region size 1024K, 6 young (6144K), 6 survivors (6144K)
 Metaspace       used 98391K, committed 100416K, reserved 1179648K
  class space    used 13636K, committed 14656K, reserved 1048576K
}
Event: 8.978 GC heap before
{Heap before GC invocations=34 (full 0):
 garbage-first heap   total 234496K, used 205499K [0x00000000a0000000, 0x0000000100000000)
  region size 1024K, 65 young (66560K), 6 survivors (6144K)
 Metaspace       used 101237K, committed 103232K, reserved 1179648K
  class space    used 14007K, committed 14976K, reserved 1048576K
}
Event: 8.985 GC heap after
{Heap after GC invocations=35 (full 0):
 garbage-first heap   total 234496K, used 149428K [0x00000000a0000000, 0x0000000100000000)
  region size 1024K, 7 young (7168K), 7 survivors (7168K)
 Metaspace       used 101237K, committed 103232K, reserved 1179648K
  class space    used 14007K, committed 14976K, reserved 1048576K
}
Event: 9.087 GC heap before
{Heap before GC invocations=35 (full 0):
 garbage-first heap   total 234496K, used 163764K [0x00000000a0000000, 0x0000000100000000)
  region size 1024K, 22 young (22528K), 7 survivors (7168K)
 Metaspace       used 102279K, committed 104320K, reserved 1179648K
  class space    used 14160K, committed 15168K, reserved 1048576K
}
Event: 9.091 GC heap after
{Heap after GC invocations=36 (full 0):
 garbage-first heap   total 234496K, used 150506K [0x00000000a0000000, 0x0000000100000000)
  region size 1024K, 6 young (6144K), 6 survivors (6144K)
 Metaspace       used 102279K, committed 104320K, reserved 1179648K
  class space    used 14160K, committed 15168K, reserved 1048576K
}
Event: 9.615 GC heap before
{Heap before GC invocations=37 (full 0):
 garbage-first heap   total 254976K, used 212970K [0x00000000a0000000, 0x0000000100000000)
  region size 1024K, 66 young (67584K), 6 survivors (6144K)
 Metaspace       used 106995K, committed 109056K, reserved 1179648K
  class space    used 14990K, committed 16000K, reserved 1048576K
}
Event: 9.620 GC heap after
{Heap after GC invocations=38 (full 0):
 garbage-first heap   total 254976K, used 152162K [0x00000000a0000000, 0x0000000100000000)
  region size 1024K, 3 young (3072K), 3 survivors (3072K)
 Metaspace       used 106995K, committed 109056K, reserved 1179648K
  class space    used 14990K, committed 16000K, reserved 1048576K
}
Event: 10.250 GC heap before
{Heap before GC invocations=38 (full 0):
 garbage-first heap   total 254976K, used 236130K [0x00000000a0000000, 0x0000000100000000)
  region size 1024K, 79 young (80896K), 3 survivors (3072K)
 Metaspace       used 113813K, committed 116032K, reserved 1179648K
  class space    used 15767K, committed 16896K, reserved 1048576K
}
Event: 10.259 GC heap after
{Heap after GC invocations=39 (full 0):
 garbage-first heap   total 254976K, used 158840K [0x00000000a0000000, 0x0000000100000000)
  region size 1024K, 10 young (10240K), 10 survivors (10240K)
 Metaspace       used 113813K, committed 116032K, reserved 1179648K
  class space    used 15767K, committed 16896K, reserved 1048576K
}
Event: 10.679 GC heap before
{Heap before GC invocations=39 (full 0):
 garbage-first heap   total 254976K, used 230520K [0x00000000a0000000, 0x0000000100000000)
  region size 1024K, 80 young (81920K), 10 survivors (10240K)
 Metaspace       used 117805K, committed 120000K, reserved 1179648K
  class space    used 16377K, committed 17472K, reserved 1048576K
}
Event: 10.686 GC heap after
{Heap after GC invocations=40 (full 0):
 garbage-first heap   total 254976K, used 163631K [0x00000000a0000000, 0x0000000100000000)
  region size 1024K, 5 young (5120K), 5 survivors (5120K)
 Metaspace       used 117805K, committed 120000K, reserved 1179648K
  class space    used 16377K, committed 17472K, reserved 1048576K
}
Event: 11.030 GC heap before
{Heap before GC invocations=41 (full 0):
 garbage-first heap   total 273408K, used 234287K [0x00000000a0000000, 0x0000000100000000)
  region size 1024K, 74 young (75776K), 5 survivors (5120K)
 Metaspace       used 117805K, committed 120000K, reserved 1179648K
  class space    used 16377K, committed 17472K, reserved 1048576K
}
Event: 11.038 GC heap after
{Heap after GC invocations=42 (full 0):
 garbage-first heap   total 273408K, used 165679K [0x00000000a0000000, 0x0000000100000000)
  region size 1024K, 7 young (7168K), 7 survivors (7168K)
 Metaspace       used 117805K, committed 120000K, reserved 1179648K
  class space    used 16377K, committed 17472K, reserved 1048576K
}
Event: 11.434 GC heap before
{Heap before GC invocations=42 (full 0):
 garbage-first heap   total 273408K, used 249647K [0x00000000a0000000, 0x0000000100000000)
  region size 1024K, 89 young (91136K), 7 survivors (7168K)
 Metaspace       used 117840K, committed 120128K, reserved 1179648K
  class space    used 16385K, committed 17536K, reserved 1048576K
}
Event: 11.440 GC heap after
{Heap after GC invocations=43 (full 0):
 garbage-first heap   total 273408K, used 165973K [0x00000000a0000000, 0x0000000100000000)
  region size 1024K, 7 young (7168K), 7 survivors (7168K)
 Metaspace       used 117840K, committed 120128K, reserved 1179648K
  class space    used 16385K, committed 17536K, reserved 1048576K
}
Event: 11.974 GC heap before
{Heap before GC invocations=43 (full 0):
 garbage-first heap   total 273408K, used 249941K [0x00000000a0000000, 0x0000000100000000)
  region size 1024K, 90 young (92160K), 7 survivors (7168K)
 Metaspace       used 118276K, committed 120512K, reserved 1179648K
  class space    used 16423K, committed 17536K, reserved 1048576K
}
Event: 11.979 GC heap after
{Heap after GC invocations=44 (full 0):
 garbage-first heap   total 273408K, used 169058K [0x00000000a0000000, 0x0000000100000000)
  region size 1024K, 8 young (8192K), 8 survivors (8192K)
 Metaspace       used 118276K, committed 120512K, reserved 1179648K
  class space    used 16423K, committed 17536K, reserved 1048576K
}

