# JRE version: OpenJDK Runtime Environment (21.0.8) (build 21.0.8+-14018985-b1038.68)
# Java VM: OpenJDK 64-Bit Server VM (21.0.8+-14018985-b1038.68, mixed mode, tiered, compressed oops, compressed class ptrs, g1 gc, windows-amd64)
GC Precious Log:
 CardTable entry size: 512
 Card Set container configuration: InlinePtr #cards 5 size 8 Array Of Cards #cards 12 size 40 Howl #buckets 4 coarsen threshold 1843 Howl Bitmap #cards 512 size 80 coarsen threshold 460 Card regions per heap region 1 cards per card region 2048
 CPUs: 8 total, 8 available
 Memory: 16167M
 Large Page Support: Disabled
 NUMA Support: Disabled
 Compressed Oops: Enabled (32-bit)
 Heap Region Size: 1M
 Heap Min Capacity: 8M
 Heap Initial Capacity: 254M
 Heap Max Capacity: 1536M
 Pre-touch: Disabled
 Parallel Workers: 8
 Concurrent Workers: 2
 Concurrent Refinement Workers: 8
 Periodic GC: Disabled
Heap:
 garbage-first heap   total 268288K, used 181709K [0x00000000a0000000, 0x0000000100000000)
  region size 1024K, 26 young (26624K), 10 survivors (10240K)
 Metaspace       used 124567K, committed 126720K, reserved 1179648K
  class space    used 17320K, committed 18368K, reserved 1048576K
GC Heap History (20 events):
Event: 7.675 GC heap before
{Heap before GC invocations=31 (full 0):
 garbage-first heap   total 183296K, used 165839K [0x00000000a0000000, 0x0000000100000000)
  region size 1024K, 57 young (58368K), 5 survivors (5120K)
 Metaspace       used 81579K, committed 83392K, reserved 1179648K
  class space    used 11480K, committed 12352K, reserved 1048576K
}
Event: 7.679 GC heap after
{Heap after GC invocations=32 (full 0):
 garbage-first heap   total 183296K, used 113669K [0x00000000a0000000, 0x0000000100000000)
  region size 1024K, 6 young (6144K), 6 survivors (6144K)
 Metaspace       used 81579K, committed 83392K, reserved 1179648K
  class space    used 11480K, committed 12352K, reserved 1048576K
}
Event: 7.805 GC heap before
{Heap before GC invocations=32 (full 0):
 garbage-first heap   total 183296K, used 164869K [0x00000000a0000000, 0x0000000100000000)
  region size 1024K, 57 young (58368K), 6 survivors (6144K)
 Metaspace       used 81595K, committed 83392K, reserved 1179648K
  class space    used 11480K, committed 12352K, reserved 1048576K
}
Event: 7.809 GC heap after
{Heap after GC invocations=33 (full 0):
 garbage-first heap   total 220160K, used 114912K [0x00000000a0000000, 0x0000000100000000)
  region size 1024K, 5 young (5120K), 5 survivors (5120K)
 Metaspace       used 81595K, committed 83392K, reserved 1179648K
  class space    used 11480K, committed 12352K, reserved 1048576K
}
Event: 8.420 GC heap before
{Heap before GC invocations=34 (full 0):
 garbage-first heap   total 220160K, used 213216K [0x00000000a0000000, 0x0000000100000000)
  region size 1024K, 88 young (90112K), 5 survivors (5120K)
 Metaspace       used 87183K, committed 89024K, reserved 1179648K
  class space    used 12126K, committed 12992K, reserved 1048576K
}
Event: 8.425 GC heap after
{Heap after GC invocations=35 (full 0):
 garbage-first heap   total 228352K, used 136964K [0x00000000a0000000, 0x0000000100000000)
  region size 1024K, 11 young (11264K), 11 survivors (11264K)
 Metaspace       used 87183K, committed 89024K, reserved 1179648K
  class space    used 12126K, committed 12992K, reserved 1048576K
}
Event: 8.986 GC heap before
{Heap before GC invocations=35 (full 0):
 garbage-first heap   total 228352K, used 209668K [0x00000000a0000000, 0x0000000100000000)
  region size 1024K, 77 young (78848K), 11 survivors (11264K)
 Metaspace       used 93469K, committed 95424K, reserved 1179648K
  class space    used 12961K, committed 13888K, reserved 1048576K
}
Event: 8.992 GC heap after
{Heap after GC invocations=36 (full 0):
 garbage-first heap   total 230400K, used 143893K [0x00000000a0000000, 0x0000000100000000)
  region size 1024K, 7 young (7168K), 7 survivors (7168K)
 Metaspace       used 93469K, committed 95424K, reserved 1179648K
  class space    used 12961K, committed 13888K, reserved 1048576K
}
Event: 9.550 GC heap before
{Heap before GC invocations=36 (full 0):
 garbage-first heap   total 230400K, used 208405K [0x00000000a0000000, 0x0000000100000000)
  region size 1024K, 71 young (72704K), 7 survivors (7168K)
 Metaspace       used 98731K, committed 100672K, reserved 1179648K
  class space    used 13657K, committed 14592K, reserved 1048576K
}
Event: 9.556 GC heap after
{Heap after GC invocations=37 (full 0):
 garbage-first heap   total 230400K, used 146719K [0x00000000a0000000, 0x0000000100000000)
  region size 1024K, 4 young (4096K), 4 survivors (4096K)
 Metaspace       used 98731K, committed 100672K, reserved 1179648K
  class space    used 13657K, committed 14592K, reserved 1048576K
}
Event: 10.150 GC heap before
{Heap before GC invocations=38 (full 0):
 garbage-first heap   total 245760K, used 216351K [0x00000000a0000000, 0x0000000100000000)
  region size 1024K, 69 young (70656K), 4 survivors (4096K)
 Metaspace       used 104498K, committed 106496K, reserved 1179648K
  class space    used 14464K, committed 15424K, reserved 1048576K
}
Event: 10.156 GC heap after
{Heap after GC invocations=39 (full 0):
 garbage-first heap   total 245760K, used 152576K [0x00000000a0000000, 0x0000000100000000)
  region size 1024K, 6 young (6144K), 6 survivors (6144K)
 Metaspace       used 104498K, committed 106496K, reserved 1179648K
  class space    used 14464K, committed 15424K, reserved 1048576K
}
Event: 10.628 GC heap before
{Heap before GC invocations=39 (full 0):
 garbage-first heap   total 245760K, used 227328K [0x00000000a0000000, 0x0000000100000000)
  region size 1024K, 79 young (80896K), 6 survivors (6144K)
 Metaspace       used 108260K, committed 110272K, reserved 1179648K
  class space    used 14986K, committed 16000K, reserved 1048576K
}
Event: 10.633 GC heap after
{Heap after GC invocations=40 (full 0):
 garbage-first heap   total 245760K, used 156814K [0x00000000a0000000, 0x0000000100000000)
  region size 1024K, 9 young (9216K), 9 survivors (9216K)
 Metaspace       used 108260K, committed 110272K, reserved 1179648K
  class space    used 14986K, committed 16000K, reserved 1048576K
}
Event: 10.709 GC heap before
{Heap before GC invocations=40 (full 0):
 garbage-first heap   total 245760K, used 167054K [0x00000000a0000000, 0x0000000100000000)
  region size 1024K, 20 young (20480K), 9 survivors (9216K)
 Metaspace       used 109063K, committed 111104K, reserved 1179648K
  class space    used 15106K, committed 16128K, reserved 1048576K
}
Event: 10.714 GC heap after
{Heap after GC invocations=41 (full 0):
 garbage-first heap   total 245760K, used 157254K [0x00000000a0000000, 0x0000000100000000)
  region size 1024K, 6 young (6144K), 6 survivors (6144K)
 Metaspace       used 109063K, committed 111104K, reserved 1179648K
  class space    used 15106K, committed 16128K, reserved 1048576K
}
Event: 11.304 GC heap before
{Heap before GC invocations=42 (full 0):
 garbage-first heap   total 265216K, used 225862K [0x00000000a0000000, 0x0000000100000000)
  region size 1024K, 72 young (73728K), 6 survivors (6144K)
 Metaspace       used 114175K, committed 116224K, reserved 1179648K
  class space    used 15982K, committed 17024K, reserved 1048576K
}
Event: 11.309 GC heap after
{Heap after GC invocations=43 (full 0):
 garbage-first heap   total 265216K, used 159298K [0x00000000a0000000, 0x0000000100000000)
  region size 1024K, 3 young (3072K), 3 survivors (3072K)
 Metaspace       used 114175K, committed 116224K, reserved 1179648K
  class space    used 15982K, committed 17024K, reserved 1048576K
}
Event: 12.131 GC heap before
{Heap before GC invocations=43 (full 0):
 garbage-first heap   total 265216K, used 253506K [0x00000000a0000000, 0x0000000100000000)
  region size 1024K, 89 young (91136K), 3 survivors (3072K)
 Metaspace       used 122517K, committed 124672K, reserved 1179648K
  class space    used 17057K, committed 18112K, reserved 1048576K
}
Event: 12.139 GC heap after
{Heap after GC invocations=44 (full 0):
 garbage-first heap   total 268288K, used 167373K [0x00000000a0000000, 0x0000000100000000)
  region size 1024K, 10 young (10240K), 10 survivors (10240K)
 Metaspace       used 122517K, committed 124672K, reserved 1179648K
  class space    used 17057K, committed 18112K, reserved 1048576K
}

