# JRE version: OpenJDK Runtime Environment (21.0.8) (build 21.0.8+-14018985-b1038.68)
# Java VM: OpenJDK 64-Bit Server VM (21.0.8+-14018985-b1038.68, mixed mode, tiered, compressed oops, compressed class ptrs, g1 gc, windows-amd64)
GC Precious Log:
 CardTable entry size: 512
 Card Set container configuration: InlinePtr #cards 5 size 8 Array Of Cards #cards 12 size 40 Howl #buckets 4 coarsen threshold 1843 Howl Bitmap #cards 512 size 80 coarsen threshold 460 Card regions per heap region 1 cards per card region 2048
 CPUs: 8 total, 8 available
 Memory: 16167M
 Large Page Support: Disabled
 NUMA Support: Disabled
 Compressed Oops: Enabled (32-bit)
 Heap Region Size: 1M
 Heap Min Capacity: 8M
 Heap Initial Capacity: 254M
 Heap Max Capacity: 2G
 Pre-touch: Disabled
 Parallel Workers: 8
 Concurrent Workers: 2
 Concurrent Refinement Workers: 8
 Periodic GC: Disabled
Heap:
 garbage-first heap   total 487424K, used 357994K [0x0000000080000000, 0x0000000100000000)
  region size 1024K, 97 young (99328K), 15 survivors (15360K)
 Metaspace       used 241528K, committed 243648K, reserved 1310720K
  class space    used 31753K, committed 32768K, reserved 1048576K
GC Heap History (20 events):
Event: 2224.200 GC heap before
{Heap before GC invocations=91 (full 0):
 garbage-first heap   total 437248K, used 324470K [0x0000000080000000, 0x0000000100000000)
  region size 1024K, 167 young (171008K), 18 survivors (18432K)
 Metaspace       used 156097K, committed 157376K, reserved 1245184K
  class space    used 21260K, committed 21888K, reserved 1048576K
}
Event: 2224.209 GC heap after
{Heap after GC invocations=92 (full 0):
 garbage-first heap   total 437248K, used 178775K [0x0000000080000000, 0x0000000100000000)
  region size 1024K, 22 young (22528K), 22 survivors (22528K)
 Metaspace       used 156097K, committed 157376K, reserved 1245184K
  class space    used 21260K, committed 21888K, reserved 1048576K
}
Event: 2617.081 GC heap before
{Heap before GC invocations=93 (full 0):
 garbage-first heap   total 437248K, used 434775K [0x0000000080000000, 0x0000000100000000)
  region size 1024K, 192 young (196608K), 22 survivors (22528K)
 Metaspace       used 162716K, committed 164096K, reserved 1245184K
  class space    used 22292K, committed 22976K, reserved 1048576K
}
Event: 2617.092 GC heap after
{Heap after GC invocations=94 (full 0):
 garbage-first heap   total 458752K, used 209566K [0x0000000080000000, 0x0000000100000000)
  region size 1024K, 16 young (16384K), 16 survivors (16384K)
 Metaspace       used 162716K, committed 164096K, reserved 1245184K
  class space    used 22292K, committed 22976K, reserved 1048576K
}
Event: 2618.240 GC heap before
{Heap before GC invocations=94 (full 0):
 garbage-first heap   total 458752K, used 432798K [0x0000000080000000, 0x0000000100000000)
  region size 1024K, 220 young (225280K), 16 survivors (16384K)
 Metaspace       used 166854K, committed 168320K, reserved 1245184K
  class space    used 22821K, committed 23488K, reserved 1048576K
}
Event: 2618.249 GC heap after
{Heap after GC invocations=95 (full 0):
 garbage-first heap   total 460800K, used 226227K [0x0000000080000000, 0x0000000100000000)
  region size 1024K, 22 young (22528K), 22 survivors (22528K)
 Metaspace       used 166854K, committed 168320K, reserved 1245184K
  class space    used 22821K, committed 23488K, reserved 1048576K
}
Event: 2619.767 GC heap before
{Heap before GC invocations=95 (full 0):
 garbage-first heap   total 460800K, used 357299K [0x0000000080000000, 0x0000000100000000)
  region size 1024K, 151 young (154624K), 22 survivors (22528K)
 Metaspace       used 182571K, committed 184192K, reserved 1245184K
  class space    used 25271K, committed 26048K, reserved 1048576K
}
Event: 2619.777 GC heap after
{Heap after GC invocations=96 (full 0):
 garbage-first heap   total 460800K, used 232278K [0x0000000080000000, 0x0000000100000000)
  region size 1024K, 15 young (15360K), 15 survivors (15360K)
 Metaspace       used 182571K, committed 184192K, reserved 1245184K
  class space    used 25271K, committed 26048K, reserved 1048576K
}
Event: 2620.993 GC heap before
{Heap before GC invocations=97 (full 0):
 garbage-first heap   total 460800K, used 436054K [0x0000000080000000, 0x0000000100000000)
  region size 1024K, 199 young (203776K), 15 survivors (15360K)
 Metaspace       used 193521K, committed 195264K, reserved 1245184K
  class space    used 26422K, committed 27264K, reserved 1048576K
}
Event: 2621.017 GC heap after
{Heap after GC invocations=98 (full 0):
 garbage-first heap   total 487424K, used 276164K [0x0000000080000000, 0x0000000100000000)
  region size 1024K, 25 young (25600K), 25 survivors (25600K)
 Metaspace       used 193521K, committed 195264K, reserved 1245184K
  class space    used 26422K, committed 27264K, reserved 1048576K
}
Event: 2622.452 GC heap before
{Heap before GC invocations=98 (full 0):
 garbage-first heap   total 487424K, used 436932K [0x0000000080000000, 0x0000000100000000)
  region size 1024K, 181 young (185344K), 25 survivors (25600K)
 Metaspace       used 208468K, committed 210432K, reserved 1245184K
  class space    used 28361K, committed 29312K, reserved 1048576K
}
Event: 2622.469 GC heap after
{Heap after GC invocations=99 (full 0):
 garbage-first heap   total 487424K, used 274432K [0x0000000080000000, 0x0000000100000000)
  region size 1024K, 11 young (11264K), 11 survivors (11264K)
 Metaspace       used 208468K, committed 210432K, reserved 1245184K
  class space    used 28361K, committed 29312K, reserved 1048576K
}
Event: 2624.274 GC heap before
{Heap before GC invocations=99 (full 0):
 garbage-first heap   total 487424K, used 438272K [0x0000000080000000, 0x0000000100000000)
  region size 1024K, 172 young (176128K), 11 survivors (11264K)
 Metaspace       used 226681K, committed 228736K, reserved 1310720K
  class space    used 30199K, committed 31168K, reserved 1048576K
}
Event: 2624.283 GC heap after
{Heap after GC invocations=100 (full 0):
 garbage-first heap   total 487424K, used 284672K [0x0000000080000000, 0x0000000100000000)
  region size 1024K, 21 young (21504K), 21 survivors (21504K)
 Metaspace       used 226681K, committed 228736K, reserved 1310720K
  class space    used 30199K, committed 31168K, reserved 1048576K
}
Event: 2626.089 GC heap before
{Heap before GC invocations=101 (full 0):
 garbage-first heap   total 487424K, used 441344K [0x0000000080000000, 0x0000000100000000)
  region size 1024K, 172 young (176128K), 21 survivors (21504K)
 Metaspace       used 231852K, committed 233920K, reserved 1310720K
  class space    used 30595K, committed 31552K, reserved 1048576K
}
Event: 2626.097 GC heap after
{Heap after GC invocations=102 (full 0):
 garbage-first heap   total 487424K, used 277678K [0x0000000080000000, 0x0000000100000000)
  region size 1024K, 11 young (11264K), 11 survivors (11264K)
 Metaspace       used 231852K, committed 233920K, reserved 1310720K
  class space    used 30595K, committed 31552K, reserved 1048576K
}
Event: 2627.226 GC heap before
{Heap before GC invocations=102 (full 0):
 garbage-first heap   total 487424K, used 447662K [0x0000000080000000, 0x0000000100000000)
  region size 1024K, 178 young (182272K), 11 survivors (11264K)
 Metaspace       used 234176K, committed 236224K, reserved 1310720K
  class space    used 30895K, committed 31872K, reserved 1048576K
}
Event: 2627.239 GC heap after
{Heap after GC invocations=103 (full 0):
 garbage-first heap   total 487424K, used 268044K [0x0000000080000000, 0x0000000100000000)
  region size 1024K, 17 young (17408K), 17 survivors (17408K)
 Metaspace       used 234176K, committed 236224K, reserved 1310720K
  class space    used 30895K, committed 31872K, reserved 1048576K
}
Event: 2628.049 GC heap before
{Heap before GC invocations=103 (full 0):
 garbage-first heap   total 487424K, used 393996K [0x0000000080000000, 0x0000000100000000)
  region size 1024K, 142 young (145408K), 17 survivors (17408K)
 Metaspace       used 234649K, committed 236800K, reserved 1310720K
  class space    used 30964K, committed 32000K, reserved 1048576K
}
Event: 2628.060 GC heap after
{Heap after GC invocations=104 (full 0):
 garbage-first heap   total 487424K, used 273002K [0x0000000080000000, 0x0000000100000000)
  region size 1024K, 15 young (15360K), 15 survivors (15360K)
 Metaspace       used 234649K, committed 236800K, reserved 1310720K
  class space    used 30964K, committed 32000K, reserved 1048576K
}

